This is pdfTeX, Version 3.14159265-2.6-1.40.16 (TeX Live 2015/Debian) (preloaded format=pdflatex 2019.9.16)  16 SEP 2019 16:44
entering extended mode
 restricted \write18 enabled.
 %&-line parsing enabled.
**ooqp-userguide
(./ooqp-userguide.tex
LaTeX2e <2016/02/01>
Babel <3.9q> and hyphenation patterns for 3 language(s) loaded.
(/usr/share/texlive/texmf-dist/tex/latex/base/article.cls
Document Class: article 2014/09/29 v1.4h Standard LaTeX document class
(/usr/share/texlive/texmf-dist/tex/latex/base/size10.clo
File: size10.clo 2014/09/29 v1.4h Standard LaTeX file (size option)
)
\c@part=\count79
\c@section=\count80
\c@subsection=\count81
\c@subsubsection=\count82
\c@paragraph=\count83
\c@subparagraph=\count84
\c@figure=\count85
\c@table=\count86
\abovecaptionskip=\skip41
\belowcaptionskip=\skip42
\bibindent=\dimen102
) (./subeqn.sty
\@stequation=\toks14
)
(./extra.sty) (./ooqp-userguide.aux (./ooqp1intro.aux) (./ooqp2qpgen.aux)
(./ooqp3develop.aux) (./ooqp4qpsolver.aux) (./ooqp5creating.aux)
(./ooqp6usinglinalg.aux) (./ooqp7newlinalg.aux) (./ooqp8copyright.aux))
\openout1 = `ooqp-userguide.aux'.

LaTeX Font Info:    Checking defaults for OML/cmm/m/it on input line 48.
LaTeX Font Info:    ... okay on input line 48.
LaTeX Font Info:    Checking defaults for T1/cmr/m/n on input line 48.
LaTeX Font Info:    ... okay on input line 48.
LaTeX Font Info:    Checking defaults for OT1/cmr/m/n on input line 48.
LaTeX Font Info:    ... okay on input line 48.
LaTeX Font Info:    Checking defaults for OMS/cmsy/m/n on input line 48.
LaTeX Font Info:    ... okay on input line 48.
LaTeX Font Info:    Checking defaults for OMX/cmex/m/n on input line 48.
LaTeX Font Info:    ... okay on input line 48.
LaTeX Font Info:    Checking defaults for U/cmr/m/n on input line 48.
LaTeX Font Info:    ... okay on input line 48.
LaTeX Font Info:    External font `cmex10' loaded for size
(Font)              <12> on input line 65.
LaTeX Font Info:    External font `cmex10' loaded for size
(Font)              <8> on input line 65.
LaTeX Font Info:    External font `cmex10' loaded for size
(Font)              <6> on input line 65.
LaTeX Font Info:    Try loading font information for OMS+cmr on input line 65.

(/usr/share/texlive/texmf-dist/tex/latex/base/omscmr.fd
File: omscmr.fd 2014/09/29 v2.5h Standard LaTeX font definitions
)
LaTeX Font Info:    Font shape `OMS/cmr/m/n' in size <8> not available
(Font)              Font shape `OMS/cmsy/m/n' tried instead on input line 65.
LaTeX Font Info:    External font `cmex10' loaded for size
(Font)              <5> on input line 70.
LaTeX Font Info:    Font shape `OMS/cmr/m/n' in size <6> not available
(Font)              Font shape `OMS/cmsy/m/n' tried instead on input line 70.

Underfull \hbox (badness 1803) in paragraph at lines 77--77
[][]\OT1/cmr/m/n/8 Also Elec-tri-cal and Com-puter En-gi-neer-ing De-part-ment,
 North-west-ern Uni-ver-sity,
 []

[1

{/var/lib/texmf/fonts/map/pdftex/updmap/pdftex.map}] [2]
(./ooqp-userguide.toc
LaTeX Font Info:    External font `cmex10' loaded for size
(Font)              <7> on input line 3.
 [3])
\tf@toc=\write3
\openout3 = `ooqp-userguide.toc'.

 [4] [1]
\openout2 = `ooqp1intro.aux'.

 (./ooqp1intro.tex [2

] [3] [4] [5]) [6]
\openout2 = `ooqp2qpgen.aux'.


(./ooqp2qpgen.tex [7


] [8]
Overfull \hbox (48.19272pt too wide) in paragraph at lines 242--245
[]\OT1/cmr/m/n/10 A num-ber of command-line op-tions are avail-able in call-ing
 \OT1/cmtt/m/n/10 qpgen-sparse-gondzio.exe\OT1/cmr/m/n/10 .
 []

[9] [10] [11] [12] [13] [14]
Underfull \vbox (badness 10000) has occurred while \output is active []

 [15]
[16] [17] [18]) [19]
\openout2 = `ooqp3develop.aux'.

 (./ooqp3develop.tex [20


] [21] [22] [23]
LaTeX Font Info:    Font shape `OMS/cmr/m/n' in size <10> not available
(Font)              Font shape `OMS/cmsy/m/n' tried instead on input line 286.
 [24]) [25]
\openout2 = `ooqp4qpsolver.aux'.


(./ooqp4qpsolver.tex [26


] [27] [28] [29] [30] [31]) [32]
\openout2 = `ooqp5creating.aux'.

 (./ooqp5creating.tex
Underfull \vbox (badness 2837) has occurred while \output is active []

 [33


]
[34] [35] [36] [37] [38] [39]
LaTeX Font Info:    Font shape `OT1/cmtt/bx/n' in size <10> not available
(Font)              Font shape `OT1/cmtt/m/n' tried instead on input line 533.
 [40]) [41]
\openout2 = `ooqp6usinglinalg.aux'.

 (./ooqp6usinglinalg.tex [42


] [43]
LaTeX Font Info:    Font shape `OT1/cmtt/bx/n' in size <12> not available
(Font)              Font shape `OT1/cmtt/m/n' tried instead on input line 172.

[44] [45] [46] [47] [48] [49]) [50]
\openout2 = `ooqp7newlinalg.aux'.

 (./ooqp7newlinalg.tex [51


] [52] [53]
[54] [55] [56] [57]) [58] (./ooqp-userguide.bbl
Underfull \hbox (badness 1033) in paragraph at lines 10--14
\OT1/cmr/m/n/10 Lois Curf-man McInnes, and Barry F. Smith.  PETSc home page.
 []

[59

]) [60]
\openout2 = `ooqp8copyright.aux'.

 (./ooqp8copyright.tex
Underfull \hbox (badness 10000) in paragraph at lines 7--17

 []


Underfull \hbox (badness 10000) in paragraph at lines 7--17

 []

[61

]) [62] (./ooqp-userguide.aux (./ooqp1intro.aux) (./ooqp2qpgen.aux)
(./ooqp3develop.aux) (./ooqp4qpsolver.aux) (./ooqp5creating.aux)
(./ooqp6usinglinalg.aux) (./ooqp7newlinalg.aux) (./ooqp8copyright.aux)) ) 
Here is how much of TeX's memory you used:
 650 strings out of 494953
 6682 string characters out of 6180977
 64166 words of memory out of 5000000
 3930 multiletter control sequences out of 15000+600000
 10392 words of font info for 38 fonts, out of 8000000 for 9000
 14 hyphenation exceptions out of 8191
 26i,12n,22p,200b,297s stack positions out of 5000i,500n,10000p,200000b,80000s
</usr/
share/texlive/texmf-dist/fonts/type1/public/amsfonts/cm/cmbx10.pfb></usr/share/
texlive/texmf-dist/fonts/type1/public/amsfonts/cm/cmbx12.pfb></usr/share/texliv
e/texmf-dist/fonts/type1/public/amsfonts/cm/cmbx9.pfb></usr/share/texlive/texmf
-dist/fonts/type1/public/amsfonts/cm/cmex10.pfb></usr/share/texlive/texmf-dist/
fonts/type1/public/amsfonts/cm/cmmi10.pfb></usr/share/texlive/texmf-dist/fonts/
type1/public/amsfonts/cm/cmmi5.pfb></usr/share/texlive/texmf-dist/fonts/type1/p
ublic/amsfonts/cm/cmmi7.pfb></usr/share/texlive/texmf-dist/fonts/type1/public/a
msfonts/cm/cmr10.pfb></usr/share/texlive/texmf-dist/fonts/type1/public/amsfonts
/cm/cmr7.pfb></usr/share/texlive/texmf-dist/fonts/type1/public/amsfonts/cm/cmr8
.pfb></usr/share/texlive/texmf-dist/fonts/type1/public/amsfonts/cm/cmr9.pfb></u
sr/share/texlive/texmf-dist/fonts/type1/public/amsfonts/cm/cmss10.pfb></usr/sha
re/texlive/texmf-dist/fonts/type1/public/amsfonts/cm/cmsy10.pfb></usr/share/tex
live/texmf-dist/fonts/type1/public/amsfonts/cm/cmsy6.pfb></usr/share/texlive/te
xmf-dist/fonts/type1/public/amsfonts/cm/cmsy7.pfb></usr/share/texlive/texmf-dis
t/fonts/type1/public/amsfonts/cm/cmsy8.pfb></usr/share/texlive/texmf-dist/fonts
/type1/public/amsfonts/cm/cmti10.pfb></usr/share/texlive/texmf-dist/fonts/type1
/public/amsfonts/cm/cmti12.pfb></usr/share/texlive/texmf-dist/fonts/type1/publi
c/amsfonts/cm/cmtt10.pfb></usr/share/texlive/texmf-dist/fonts/type1/public/amsf
onts/cm/cmtt12.pfb></usr/share/texlive/texmf-dist/fonts/type1/public/amsfonts/c
m/cmtt8.pfb>
Output written on ooqp-userguide.pdf (66 pages, 411681 bytes).
PDF statistics:
 302 PDF objects out of 1000 (max. 8388607)
 210 compressed objects within 3 object streams
 0 named destinations out of 1000 (max. 500000)
 1 words of extra memory for PDF output out of 10000 (max. 10000000)

